warning: unused import: `ToSocketAddrs`
  --> node-cli/src/main.rs:15:38
   |
15 |     net::{TcpStream as StdTcpStream, ToSocketAddrs},
   |                                      ^^^^^^^^^^^^^
   |
   = note: `#[warn(unused_imports)]` on by default

warning: use of deprecated associated function `secp256k1::SecretKey::from_slice`: Use `from_byte_array` instead.
   --> node-cli/src/main.rs:751:80
    |
751 | ...   if let Ok(bytes) = hex::decode(h) { if let Ok(sk) = SecretKey::from_slice(&bytes) { wallet_save_default(&sk); return ("200 OK".into...
    |                                                                      ^^^^^^^^^^
    |
    = note: `#[warn(deprecated)]` on by default

warning: use of deprecated associated function `secp256k1::SecretKey::from_slice`: Use `from_byte_array` instead.
   --> node-cli/src/main.rs:759:80
    |
759 | ...   if let Ok(bytes) = hex::decode(h) { if let Ok(sk) = SecretKey::from_slice(&bytes) { wallet_save_default(&sk); return ("200 OK".into...
    |                                                                      ^^^^^^^^^^

warning: use of deprecated associated function `secp256k1::SecretKey::from_slice`: Use `from_byte_array` instead.
   --> node-cli/src/main.rs:802:34
    |
802 |         .and_then(|b| SecretKey::from_slice(&b).ok())
    |                                  ^^^^^^^^^^

warning: use of deprecated associated function `secp256k1::Message::from_slice`: use from_digest instead
   --> node-cli/src/main.rs:835:40
    |
835 |     let sig = secp.sign_ecdsa(Message::from_slice(&hash).unwrap(), sk);
    |                                        ^^^^^^^^^^

warning: use of deprecated associated function `secp256k1::Message::from_slice`: use from_digest instead
    --> node-cli/src/main.rs:1473:24
     |
1473 |     let msg = Message::from_slice(&hash)
     |                        ^^^^^^^^^^

warning: function `node_private_ip_string` is never used
   --> node-cli/src/main.rs:796:4
    |
796 | fn node_private_ip_string() -> Option<String> { local_ip().ok().map(|ip| ip.to_string()) }
    |    ^^^^^^^^^^^^^^^^^^^^^^
    |
    = note: `#[warn(dead_code)]` on by default

[STARTUP] Starting blockchain node...
[STARTUP] Step 1: Skipping UPnP setup (--no-upnp flag set)
[STARTUP] Starting TCP server on port 6000...
Error: Os { code: 1, kind: PermissionDenied, message: "Operation not permitted" }
